2014-03-26 12:59:38 Error: [MissingDatasourceConfigException] The datasource configuration "default" was not found in database.php
Exception Attributes: array (
  'config' => 'default',
)
Request URL: /cap-forum/
Stack Trace:
#0 /Applications/MAMP/htdocs/cap-forum/lib/Cake/Model/ConnectionManager.php(91): ConnectionManager::_getConnectionObject('default')
#1 /Applications/MAMP/htdocs/cap-forum/lib/Cake/Model/Model.php(3471): ConnectionManager::getDataSource('default')
#2 /Applications/MAMP/htdocs/cap-forum/lib/Cake/Model/Model.php(1126): Model->setDataSource('default')
#3 /Applications/MAMP/htdocs/cap-forum/lib/Cake/Model/Model.php(3493): Model->setSource('forums')
#4 /Applications/MAMP/htdocs/cap-forum/lib/Cake/Model/Model.php(2897): Model->getDataSource()
#5 /Applications/MAMP/htdocs/cap-forum/lib/Cake/Model/Model.php(2869): Model->_readDataSource('all', Array)
#6 /Applications/MAMP/htdocs/cap-forum/lib/Cake/Controller/Component/PaginatorComponent.php(196): Model->find('all', Array)
#7 /Applications/MAMP/htdocs/cap-forum/app/Controller/ForumsController.php(14): PaginatorComponent->paginate()
#8 [internal function]: ForumsController->index()
#9 /Applications/MAMP/htdocs/cap-forum/lib/Cake/Controller/Controller.php(490): ReflectionMethod->invokeArgs(Object(ForumsController), Array)
#10 /Applications/MAMP/htdocs/cap-forum/lib/Cake/Routing/Dispatcher.php(185): Controller->invokeAction(Object(CakeRequest))
#11 /Applications/MAMP/htdocs/cap-forum/lib/Cake/Routing/Dispatcher.php(160): Dispatcher->_invoke(Object(ForumsController), Object(CakeRequest), Object(CakeResponse))
#12 /Applications/MAMP/htdocs/cap-forum/app/webroot/index.php(108): Dispatcher->dispatch(Object(CakeRequest), Object(CakeResponse))
#13 {main}
2014-03-26 12:59:43 Error: [MissingDatasourceConfigException] The datasource configuration "default" was not found in database.php
Exception Attributes: array (
  'config' => 'default',
)
Request URL: /cap-forum/users/login
Stack Trace:
#0 /Applications/MAMP/htdocs/cap-forum/lib/Cake/Model/ConnectionManager.php(91): ConnectionManager::_getConnectionObject('default')
#1 /Applications/MAMP/htdocs/cap-forum/lib/Cake/Model/Model.php(3471): ConnectionManager::getDataSource('default')
#2 /Applications/MAMP/htdocs/cap-forum/lib/Cake/Model/Model.php(1126): Model->setDataSource('default')
#3 /Applications/MAMP/htdocs/cap-forum/lib/Cake/Model/Model.php(3493): Model->setSource('users')
#4 /Applications/MAMP/htdocs/cap-forum/lib/Cake/Model/Model.php(1353): Model->getDataSource()
#5 /Applications/MAMP/htdocs/cap-forum/lib/Cake/View/Helper/FormHelper.php(199): Model->schema()
#6 /Applications/MAMP/htdocs/cap-forum/lib/Cake/View/Helper/FormHelper.php(451): FormHelper->_introspectModel('User', 'fields')
#7 /Applications/MAMP/htdocs/cap-forum/app/View/Users/login.ctp(8): FormHelper->create('User', Array)
#8 /Applications/MAMP/htdocs/cap-forum/lib/Cake/View/View.php(929): include('/Applications/M...')
#9 /Applications/MAMP/htdocs/cap-forum/lib/Cake/View/View.php(891): View->_evaluate('/Applications/M...', Array)
#10 /Applications/MAMP/htdocs/cap-forum/lib/Cake/View/View.php(460): View->_render('/Applications/M...')
#11 /Applications/MAMP/htdocs/cap-forum/lib/Cake/Controller/Controller.php(952): View->render(NULL, NULL)
#12 /Applications/MAMP/htdocs/cap-forum/lib/Cake/Routing/Dispatcher.php(192): Controller->render()
#13 /Applications/MAMP/htdocs/cap-forum/lib/Cake/Routing/Dispatcher.php(160): Dispatcher->_invoke(Object(UsersController), Object(CakeRequest), Object(CakeResponse))
#14 /Applications/MAMP/htdocs/cap-forum/app/webroot/index.php(108): Dispatcher->dispatch(Object(CakeRequest), Object(CakeResponse))
#15 {main}
2014-03-26 13:00:13 Error: [MissingConnectionException] Database connection "Mysql" is missing, or could not be created.
Exception Attributes: array (
  'class' => 'Mysql',
  'message' => 'SQLSTATE[28000] [1045] Access denied for user \'user\'@\'localhost\' (using password: YES)',
  'enabled' => true,
)
Request URL: /cap-forum/users/login
Stack Trace:
#0 /Applications/MAMP/htdocs/cap-forum/lib/Cake/Model/Datasource/DboSource.php(260): Mysql->connect()
#1 /Applications/MAMP/htdocs/cap-forum/lib/Cake/Model/ConnectionManager.php(105): DboSource->__construct(Array)
#2 /Applications/MAMP/htdocs/cap-forum/lib/Cake/Model/Model.php(3471): ConnectionManager::getDataSource('default')
#3 /Applications/MAMP/htdocs/cap-forum/lib/Cake/Model/Model.php(1126): Model->setDataSource('default')
#4 /Applications/MAMP/htdocs/cap-forum/lib/Cake/Model/Model.php(3493): Model->setSource('users')
#5 /Applications/MAMP/htdocs/cap-forum/lib/Cake/Model/Model.php(1353): Model->getDataSource()
#6 /Applications/MAMP/htdocs/cap-forum/lib/Cake/View/Helper/FormHelper.php(199): Model->schema()
#7 /Applications/MAMP/htdocs/cap-forum/lib/Cake/View/Helper/FormHelper.php(451): FormHelper->_introspectModel('User', 'fields')
#8 /Applications/MAMP/htdocs/cap-forum/app/View/Users/login.ctp(8): FormHelper->create('User', Array)
#9 /Applications/MAMP/htdocs/cap-forum/lib/Cake/View/View.php(929): include('/Applications/M...')
#10 /Applications/MAMP/htdocs/cap-forum/lib/Cake/View/View.php(891): View->_evaluate('/Applications/M...', Array)
#11 /Applications/MAMP/htdocs/cap-forum/lib/Cake/View/View.php(460): View->_render('/Applications/M...')
#12 /Applications/MAMP/htdocs/cap-forum/lib/Cake/Controller/Controller.php(952): View->render(NULL, NULL)
#13 /Applications/MAMP/htdocs/cap-forum/lib/Cake/Routing/Dispatcher.php(192): Controller->render()
#14 /Applications/MAMP/htdocs/cap-forum/lib/Cake/Routing/Dispatcher.php(160): Dispatcher->_invoke(Object(UsersController), Object(CakeRequest), Object(CakeResponse))
#15 /Applications/MAMP/htdocs/cap-forum/app/webroot/index.php(108): Dispatcher->dispatch(Object(CakeRequest), Object(CakeResponse))
#16 {main}
2014-03-26 13:20:04 Error: [NotFoundException] Invalid topic
Request URL: /cap-forum/topics/view/none.jpg/4e9755cba2a3fddece56d4f214a108a3?s=100
Stack Trace:
#0 [internal function]: TopicsController->view('none.jpg', '4e9755cba2a3fdd...')
#1 /Applications/MAMP/htdocs/cap-forum/lib/Cake/Controller/Controller.php(490): ReflectionMethod->invokeArgs(Object(TopicsController), Array)
#2 /Applications/MAMP/htdocs/cap-forum/lib/Cake/Routing/Dispatcher.php(185): Controller->invokeAction(Object(CakeRequest))
#3 /Applications/MAMP/htdocs/cap-forum/lib/Cake/Routing/Dispatcher.php(160): Dispatcher->_invoke(Object(TopicsController), Object(CakeRequest), Object(CakeResponse))
#4 /Applications/MAMP/htdocs/cap-forum/app/webroot/index.php(108): Dispatcher->dispatch(Object(CakeRequest), Object(CakeResponse))
#5 {main}
2014-03-26 13:20:26 Error: [NotFoundException] Invalid topic
Request URL: /cap-forum/topics/view/none.jpg/4e9755cba2a3fddece56d4f214a108a3?s=100
Stack Trace:
#0 [internal function]: TopicsController->view('none.jpg', '4e9755cba2a3fdd...')
#1 /Applications/MAMP/htdocs/cap-forum/lib/Cake/Controller/Controller.php(490): ReflectionMethod->invokeArgs(Object(TopicsController), Array)
#2 /Applications/MAMP/htdocs/cap-forum/lib/Cake/Routing/Dispatcher.php(185): Controller->invokeAction(Object(CakeRequest))
#3 /Applications/MAMP/htdocs/cap-forum/lib/Cake/Routing/Dispatcher.php(160): Dispatcher->_invoke(Object(TopicsController), Object(CakeRequest), Object(CakeResponse))
#4 /Applications/MAMP/htdocs/cap-forum/app/webroot/index.php(108): Dispatcher->dispatch(Object(CakeRequest), Object(CakeResponse))
#5 {main}
2014-03-26 13:20:37 Error: [NotFoundException] Invalid topic
Request URL: /cap-forum/topics/view/none.jpg/4e9755cba2a3fddece56d4f214a108a3?s=100
Stack Trace:
#0 [internal function]: TopicsController->view('none.jpg', '4e9755cba2a3fdd...')
#1 /Applications/MAMP/htdocs/cap-forum/lib/Cake/Controller/Controller.php(490): ReflectionMethod->invokeArgs(Object(TopicsController), Array)
#2 /Applications/MAMP/htdocs/cap-forum/lib/Cake/Routing/Dispatcher.php(185): Controller->invokeAction(Object(CakeRequest))
#3 /Applications/MAMP/htdocs/cap-forum/lib/Cake/Routing/Dispatcher.php(160): Dispatcher->_invoke(Object(TopicsController), Object(CakeRequest), Object(CakeResponse))
#4 /Applications/MAMP/htdocs/cap-forum/app/webroot/index.php(108): Dispatcher->dispatch(Object(CakeRequest), Object(CakeResponse))
#5 {main}
2014-03-26 13:21:13 Error: [NotFoundException] Invalid topic
Request URL: /cap-forum/topics/view/none.jpg
Stack Trace:
#0 [internal function]: TopicsController->view('none.jpg')
#1 /Applications/MAMP/htdocs/cap-forum/lib/Cake/Controller/Controller.php(490): ReflectionMethod->invokeArgs(Object(TopicsController), Array)
#2 /Applications/MAMP/htdocs/cap-forum/lib/Cake/Routing/Dispatcher.php(185): Controller->invokeAction(Object(CakeRequest))
#3 /Applications/MAMP/htdocs/cap-forum/lib/Cake/Routing/Dispatcher.php(160): Dispatcher->_invoke(Object(TopicsController), Object(CakeRequest), Object(CakeResponse))
#4 /Applications/MAMP/htdocs/cap-forum/app/webroot/index.php(108): Dispatcher->dispatch(Object(CakeRequest), Object(CakeResponse))
#5 {main}
2014-03-26 13:21:15 Error: [NotFoundException] Invalid topic
Request URL: /cap-forum/topics/view/none.jpg
Stack Trace:
#0 [internal function]: TopicsController->view('none.jpg')
#1 /Applications/MAMP/htdocs/cap-forum/lib/Cake/Controller/Controller.php(490): ReflectionMethod->invokeArgs(Object(TopicsController), Array)
#2 /Applications/MAMP/htdocs/cap-forum/lib/Cake/Routing/Dispatcher.php(185): Controller->invokeAction(Object(CakeRequest))
#3 /Applications/MAMP/htdocs/cap-forum/lib/Cake/Routing/Dispatcher.php(160): Dispatcher->_invoke(Object(TopicsController), Object(CakeRequest), Object(CakeResponse))
#4 /Applications/MAMP/htdocs/cap-forum/app/webroot/index.php(108): Dispatcher->dispatch(Object(CakeRequest), Object(CakeResponse))
#5 {main}
2014-03-26 13:21:21 Error: [NotFoundException] Invalid topic
Request URL: /cap-forum/topics/view/none.jpg
Stack Trace:
#0 [internal function]: TopicsController->view('none.jpg')
#1 /Applications/MAMP/htdocs/cap-forum/lib/Cake/Controller/Controller.php(490): ReflectionMethod->invokeArgs(Object(TopicsController), Array)
#2 /Applications/MAMP/htdocs/cap-forum/lib/Cake/Routing/Dispatcher.php(185): Controller->invokeAction(Object(CakeRequest))
#3 /Applications/MAMP/htdocs/cap-forum/lib/Cake/Routing/Dispatcher.php(160): Dispatcher->_invoke(Object(TopicsController), Object(CakeRequest), Object(CakeResponse))
#4 /Applications/MAMP/htdocs/cap-forum/app/webroot/index.php(108): Dispatcher->dispatch(Object(CakeRequest), Object(CakeResponse))
#5 {main}
2014-03-26 13:25:51 Error: [NotFoundException] Invalid topic
Request URL: /cap-forum/topics/view/k.jpg
Stack Trace:
#0 [internal function]: TopicsController->view('k.jpg')
#1 /Applications/MAMP/htdocs/cap-forum/lib/Cake/Controller/Controller.php(490): ReflectionMethod->invokeArgs(Object(TopicsController), Array)
#2 /Applications/MAMP/htdocs/cap-forum/lib/Cake/Routing/Dispatcher.php(185): Controller->invokeAction(Object(CakeRequest))
#3 /Applications/MAMP/htdocs/cap-forum/lib/Cake/Routing/Dispatcher.php(160): Dispatcher->_invoke(Object(TopicsController), Object(CakeRequest), Object(CakeResponse))
#4 /Applications/MAMP/htdocs/cap-forum/app/webroot/index.php(108): Dispatcher->dispatch(Object(CakeRequest), Object(CakeResponse))
#5 {main}
2014-03-26 13:25:54 Error: [NotFoundException] Invalid topic
Request URL: /cap-forum/topics/view/k.jpg
Stack Trace:
#0 [internal function]: TopicsController->view('k.jpg')
#1 /Applications/MAMP/htdocs/cap-forum/lib/Cake/Controller/Controller.php(490): ReflectionMethod->invokeArgs(Object(TopicsController), Array)
#2 /Applications/MAMP/htdocs/cap-forum/lib/Cake/Routing/Dispatcher.php(185): Controller->invokeAction(Object(CakeRequest))
#3 /Applications/MAMP/htdocs/cap-forum/lib/Cake/Routing/Dispatcher.php(160): Dispatcher->_invoke(Object(TopicsController), Object(CakeRequest), Object(CakeResponse))
#4 /Applications/MAMP/htdocs/cap-forum/app/webroot/index.php(108): Dispatcher->dispatch(Object(CakeRequest), Object(CakeResponse))
#5 {main}
2014-03-26 13:26:03 Error: [NotFoundException] Invalid topic
Request URL: /cap-forum/topics/view/k.jpg
Stack Trace:
#0 [internal function]: TopicsController->view('k.jpg')
#1 /Applications/MAMP/htdocs/cap-forum/lib/Cake/Controller/Controller.php(490): ReflectionMethod->invokeArgs(Object(TopicsController), Array)
#2 /Applications/MAMP/htdocs/cap-forum/lib/Cake/Routing/Dispatcher.php(185): Controller->invokeAction(Object(CakeRequest))
#3 /Applications/MAMP/htdocs/cap-forum/lib/Cake/Routing/Dispatcher.php(160): Dispatcher->_invoke(Object(TopicsController), Object(CakeRequest), Object(CakeResponse))
#4 /Applications/MAMP/htdocs/cap-forum/app/webroot/index.php(108): Dispatcher->dispatch(Object(CakeRequest), Object(CakeResponse))
#5 {main}
2014-03-26 13:27:53 Error: [NotFoundException] Invalid topic
Request URL: /cap-forum/topics/view/k.jpg
Stack Trace:
#0 [internal function]: TopicsController->view('k.jpg')
#1 /Applications/MAMP/htdocs/cap-forum/lib/Cake/Controller/Controller.php(490): ReflectionMethod->invokeArgs(Object(TopicsController), Array)
#2 /Applications/MAMP/htdocs/cap-forum/lib/Cake/Routing/Dispatcher.php(185): Controller->invokeAction(Object(CakeRequest))
#3 /Applications/MAMP/htdocs/cap-forum/lib/Cake/Routing/Dispatcher.php(160): Dispatcher->_invoke(Object(TopicsController), Object(CakeRequest), Object(CakeResponse))
#4 /Applications/MAMP/htdocs/cap-forum/app/webroot/index.php(108): Dispatcher->dispatch(Object(CakeRequest), Object(CakeResponse))
#5 {main}
2014-03-26 13:28:17 Error: [NotFoundException] Invalid topic
Request URL: /cap-forum/topics/view/k.jpg
Stack Trace:
#0 [internal function]: TopicsController->view('k.jpg')
#1 /Applications/MAMP/htdocs/cap-forum/lib/Cake/Controller/Controller.php(490): ReflectionMethod->invokeArgs(Object(TopicsController), Array)
#2 /Applications/MAMP/htdocs/cap-forum/lib/Cake/Routing/Dispatcher.php(185): Controller->invokeAction(Object(CakeRequest))
#3 /Applications/MAMP/htdocs/cap-forum/lib/Cake/Routing/Dispatcher.php(160): Dispatcher->_invoke(Object(TopicsController), Object(CakeRequest), Object(CakeResponse))
#4 /Applications/MAMP/htdocs/cap-forum/app/webroot/index.php(108): Dispatcher->dispatch(Object(CakeRequest), Object(CakeResponse))
#5 {main}
2014-03-26 13:28:22 Error: [NotFoundException] Invalid topic
Request URL: /cap-forum/topics/view/k.jpg
Stack Trace:
#0 [internal function]: TopicsController->view('k.jpg')
#1 /Applications/MAMP/htdocs/cap-forum/lib/Cake/Controller/Controller.php(490): ReflectionMethod->invokeArgs(Object(TopicsController), Array)
#2 /Applications/MAMP/htdocs/cap-forum/lib/Cake/Routing/Dispatcher.php(185): Controller->invokeAction(Object(CakeRequest))
#3 /Applications/MAMP/htdocs/cap-forum/lib/Cake/Routing/Dispatcher.php(160): Dispatcher->_invoke(Object(TopicsController), Object(CakeRequest), Object(CakeResponse))
#4 /Applications/MAMP/htdocs/cap-forum/app/webroot/index.php(108): Dispatcher->dispatch(Object(CakeRequest), Object(CakeResponse))
#5 {main}
2014-03-26 13:28:42 Error: [NotFoundException] Invalid topic
Request URL: /cap-forum/topics/view/k.jpg
Stack Trace:
#0 [internal function]: TopicsController->view('k.jpg')
#1 /Applications/MAMP/htdocs/cap-forum/lib/Cake/Controller/Controller.php(490): ReflectionMethod->invokeArgs(Object(TopicsController), Array)
#2 /Applications/MAMP/htdocs/cap-forum/lib/Cake/Routing/Dispatcher.php(185): Controller->invokeAction(Object(CakeRequest))
#3 /Applications/MAMP/htdocs/cap-forum/lib/Cake/Routing/Dispatcher.php(160): Dispatcher->_invoke(Object(TopicsController), Object(CakeRequest), Object(CakeResponse))
#4 /Applications/MAMP/htdocs/cap-forum/app/webroot/index.php(108): Dispatcher->dispatch(Object(CakeRequest), Object(CakeResponse))
#5 {main}
2014-03-26 13:28:52 Error: [NotFoundException] Invalid topic
Request URL: /cap-forum/topics/view/k.jpg
Stack Trace:
#0 [internal function]: TopicsController->view('k.jpg')
#1 /Applications/MAMP/htdocs/cap-forum/lib/Cake/Controller/Controller.php(490): ReflectionMethod->invokeArgs(Object(TopicsController), Array)
#2 /Applications/MAMP/htdocs/cap-forum/lib/Cake/Routing/Dispatcher.php(185): Controller->invokeAction(Object(CakeRequest))
#3 /Applications/MAMP/htdocs/cap-forum/lib/Cake/Routing/Dispatcher.php(160): Dispatcher->_invoke(Object(TopicsController), Object(CakeRequest), Object(CakeResponse))
#4 /Applications/MAMP/htdocs/cap-forum/app/webroot/index.php(108): Dispatcher->dispatch(Object(CakeRequest), Object(CakeResponse))
#5 {main}
2014-03-26 13:29:49 Error: [NotFoundException] Invalid topic
Request URL: /cap-forum/topics/view/s.jpg
Stack Trace:
#0 [internal function]: TopicsController->view('s.jpg')
#1 /Applications/MAMP/htdocs/cap-forum/lib/Cake/Controller/Controller.php(490): ReflectionMethod->invokeArgs(Object(TopicsController), Array)
#2 /Applications/MAMP/htdocs/cap-forum/lib/Cake/Routing/Dispatcher.php(185): Controller->invokeAction(Object(CakeRequest))
#3 /Applications/MAMP/htdocs/cap-forum/lib/Cake/Routing/Dispatcher.php(160): Dispatcher->_invoke(Object(TopicsController), Object(CakeRequest), Object(CakeResponse))
#4 /Applications/MAMP/htdocs/cap-forum/app/webroot/index.php(108): Dispatcher->dispatch(Object(CakeRequest), Object(CakeResponse))
#5 {main}
2014-03-26 13:30:04 Error: [NotFoundException] Invalid topic
Request URL: /cap-forum/topics/view/s.jpg
Stack Trace:
#0 [internal function]: TopicsController->view('s.jpg')
#1 /Applications/MAMP/htdocs/cap-forum/lib/Cake/Controller/Controller.php(490): ReflectionMethod->invokeArgs(Object(TopicsController), Array)
#2 /Applications/MAMP/htdocs/cap-forum/lib/Cake/Routing/Dispatcher.php(185): Controller->invokeAction(Object(CakeRequest))
#3 /Applications/MAMP/htdocs/cap-forum/lib/Cake/Routing/Dispatcher.php(160): Dispatcher->_invoke(Object(TopicsController), Object(CakeRequest), Object(CakeResponse))
#4 /Applications/MAMP/htdocs/cap-forum/app/webroot/index.php(108): Dispatcher->dispatch(Object(CakeRequest), Object(CakeResponse))
#5 {main}
2014-03-26 13:39:22 Error: [MissingControllerException] Controller class ImgController could not be found.
Exception Attributes: array (
  'class' => 'ImgController',
  'plugin' => NULL,
)
Request URL: /cap-forum/img/logo.png
Stack Trace:
#0 /Applications/MAMP/htdocs/cap-forum/app/webroot/index.php(108): Dispatcher->dispatch(Object(CakeRequest), Object(CakeResponse))
#1 {main}
2014-03-26 13:39:29 Error: [MissingControllerException] Controller class ImgController could not be found.
Exception Attributes: array (
  'class' => 'ImgController',
  'plugin' => NULL,
)
Request URL: /cap-forum/img/logo.png
Stack Trace:
#0 /Applications/MAMP/htdocs/cap-forum/app/webroot/index.php(108): Dispatcher->dispatch(Object(CakeRequest), Object(CakeResponse))
#1 {main}
2014-03-26 13:39:32 Error: [MissingControllerException] Controller class ImgController could not be found.
Exception Attributes: array (
  'class' => 'ImgController',
  'plugin' => NULL,
)
Request URL: /cap-forum/img/logo.png
Stack Trace:
#0 /Applications/MAMP/htdocs/cap-forum/app/webroot/index.php(108): Dispatcher->dispatch(Object(CakeRequest), Object(CakeResponse))
#1 {main}
2014-03-26 13:40:00 Error: [MissingControllerException] Controller class ImgController could not be found.
Exception Attributes: array (
  'class' => 'ImgController',
  'plugin' => NULL,
)
Request URL: /cap-forum/img/logo.png
Stack Trace:
#0 /Applications/MAMP/htdocs/cap-forum/app/webroot/index.php(108): Dispatcher->dispatch(Object(CakeRequest), Object(CakeResponse))
#1 {main}
2014-03-26 13:40:01 Error: [MissingControllerException] Controller class ImgController could not be found.
Exception Attributes: array (
  'class' => 'ImgController',
  'plugin' => NULL,
)
Request URL: /cap-forum/img/logo.png
Stack Trace:
#0 /Applications/MAMP/htdocs/cap-forum/app/webroot/index.php(108): Dispatcher->dispatch(Object(CakeRequest), Object(CakeResponse))
#1 {main}
